Using pre-set license
Built from '2020.3/staging' branch; Version is '2020.3.11f1 (99c7afb366b3) revision 10078127'; Using compiler version '192528614'; Build Type 'Release'
OS: 'Windows 10 Home Single Language; OS build 19044.1706; Version 2009; 64bit' Language: 'ru' Physical Memory: 8124 MB
BatchMode: 1, IsHumanControllingUs: 0, StartBugReporterOnCrash: 0, Is64bit: 1, IsPro: 0

 COMMAND LINE ARGUMENTS:
C:\Program Files\Unity\Hub\Editor\2020.3.11f1\Editor\Unity.exe
-adb2
-batchMode
-noUpm
-name
AssetImportWorker0
-projectPath
D:/Madness cooking (rus ver)/Madness cooking (rus ver)
-logFile
Logs/AssetImportWorker0.log
-srvPort
58432
Successfully changed project path to: D:/Madness cooking (rus ver)/Madness cooking (rus ver)
D:/Madness cooking (rus ver)/Madness cooking (rus ver)
Using Asset Import Pipeline V2.
Refreshing native plugins compatible for Editor in 49.38 ms, found 3 plugins.
Preloading 0 native plugins for Editor in 0.00 ms.
Initialize engine version: 2020.3.11f1 (99c7afb366b3)
[Subsystems] Discovering subsystems at path C:/Program Files/Unity/Hub/Editor/2020.3.11f1/Editor/Data/Resources/UnitySubsystems
[Subsystems] Discovering subsystems at path D:/Madness cooking (rus ver)/Madness cooking (rus ver)/Assets
GfxDevice: creating device client; threaded=0
Direct3D:
    Version:  Direct3D 11.0 [level 11.1]
    Renderer: NVIDIA GeForce GTX 1650 (ID=0x1f82)
    Vendor:   
    VRAM:     3962 MB
    Driver:   27.21.14.5671
Initialize mono
Mono path[0] = 'C:/Program Files/Unity/Hub/Editor/2020.3.11f1/Editor/Data/Managed'
Mono path[1] = 'C:/Program Files/Unity/Hub/Editor/2020.3.11f1/Editor/Data/MonoBleedingEdge/lib/mono/unityjit'
Mono config path = 'C:/Program Files/Unity/Hub/Editor/2020.3.11f1/Editor/Data/MonoBleedingEdge/etc'
Using monoOptions --debugger-agent=transport=dt_socket,embedding=1,server=y,suspend=n,address=127.0.0.1:56632
Begin MonoManager ReloadAssembly
Registering precompiled unity dll's ...
Register platform support module: C:/Program Files/Unity/Hub/Editor/2020.3.11f1/Editor/Data/PlaybackEngines/WindowsStandaloneSupport/UnityEditor.WindowsStandalone.Extensions.dll
Registered in 0.007763 seconds.
Native extension for WindowsStandalone target not found
Refreshing native plugins compatible for Editor in 45.50 ms, found 3 plugins.
Preloading 0 native plugins for Editor in 0.00 ms.
Mono: successfully reloaded assembly
- Completed reload, in  2.211 seconds
Platform modules already initialized, skipping
Registering precompiled user dll's ...
Registered in 0.006079 seconds.
Begin MonoManager ReloadAssembly
Native extension for WindowsStandalone target not found
Refreshing native plugins compatible for Editor in 45.56 ms, found 3 plugins.
Preloading 0 native plugins for Editor in 0.00 ms.
Mono: successfully reloaded assembly
- Completed reload, in  1.273 seconds
Platform modules already initialized, skipping
========================================================================
Worker process is ready to serve import requests
Launched and connected shader compiler UnityShaderCompiler.exe after 0.06 seconds
Refreshing native plugins compatible for Editor in 0.56 ms, found 3 plugins.
Preloading 0 native plugins for Editor in 0.00 ms.
Unloading 2309 Unused Serialized files (Serialized files now loaded: 0)
System memory in use before: 114.5 MB.
System memory in use after: 114.6 MB.

Unloading 33 unused Assets to reduce memory usage. Loaded Objects now: 2762.
Total: 2.186900 ms (FindLiveObjects: 0.211600 ms CreateObjectMapping: 0.095600 ms MarkObjects: 1.770800 ms  DeleteObjects: 0.107900 ms)

========================================================================
Received Import Request.
  path: Assets/save
  artifactKey: Guid(f8268e636fe762344bb031ebdb288bb5) Importer(815301076,1909f56bfc062723c751e8b465ee728b)
Start importing Assets/save using Guid(f8268e636fe762344bb031ebdb288bb5) Importer(815301076,1909f56bfc062723c751e8b465ee728b)  -> (artifact id: '2e68e691e5bcd6a111580e67880f2955') in 0.006289 seconds
  Import took 0.043383 seconds .

========================================================================
Received Import Request.
  Time since last request: 1.738859 seconds.
  path: Assets/save/MadnessCookingSave.txt
  artifactKey: Guid(cd674b4b04c84b8499a42d3a153af10b) Importer(815301076,1909f56bfc062723c751e8b465ee728b)
Start importing Assets/save/MadnessCookingSave.txt using Guid(cd674b4b04c84b8499a42d3a153af10b) Importer(815301076,1909f56bfc062723c751e8b465ee728b)  -> (artifact id: 'b32d053dcf7da516829de9121e1467ad') in 0.053740 seconds
  Import took 0.085547 seconds .

========================================================================
Received Prepare
Registering precompiled user dll's ...
Registered in 0.073496 seconds.
Begin MonoManager ReloadAssembly
Native extension for WindowsStandalone target not found
Refreshing native plugins compatible for Editor in 0.58 ms, found 3 plugins.
Preloading 0 native plugins for Editor in 0.00 ms.
Mono: successfully reloaded assembly
- Completed reload, in  1.291 seconds
Platform modules already initialized, skipping
Refreshing native plugins compatible for Editor in 0.50 ms, found 3 plugins.
Preloading 0 native plugins for Editor in 0.00 ms.
Unloading 2288 Unused Serialized files (Serialized files now loaded: 0)
System memory in use before: 113.1 MB.
System memory in use after: 113.2 MB.

Unloading 22 unused Assets to reduce memory usage. Loaded Objects now: 2766.
Total: 2.846500 ms (FindLiveObjects: 0.325400 ms CreateObjectMapping: 0.127900 ms MarkObjects: 2.276000 ms  DeleteObjects: 0.115900 ms)

========================================================================
Received Prepare
Registering precompiled user dll's ...
Registered in 0.005625 seconds.
Begin MonoManager ReloadAssembly
Native extension for WindowsStandalone target not found
Refreshing native plugins compatible for Editor in 0.60 ms, found 3 plugins.
Preloading 0 native plugins for Editor in 0.00 ms.
Mono: successfully reloaded assembly
- Completed reload, in  1.155 seconds
Platform modules already initialized, skipping
Refreshing native plugins compatible for Editor in 0.56 ms, found 3 plugins.
Preloading 0 native plugins for Editor in 0.00 ms.
Unloading 2288 Unused Serialized files (Serialized files now loaded: 0)
System memory in use before: 113.1 MB.
System memory in use after: 113.2 MB.

Unloading 22 unused Assets to reduce memory usage. Loaded Objects now: 2770.
Total: 3.197700 ms (FindLiveObjects: 0.255900 ms CreateObjectMapping: 0.110200 ms MarkObjects: 2.721500 ms  DeleteObjects: 0.108300 ms)

AssetImportWorkerClient::OnTransportError - code=2 error=End of file
